<?xml version="1.0" encoding="UTF-8"?>
<!-- Generated by org.testng.reporters.JUnitReportReporter -->
<testsuite hostname="nbhushan-WX-1" name="UI.Effects" tests="1" failures="0" timestamp="23 Aug 2018 06:11:42 GMT" time="35.265" errors="0">
  <testcase name="TestEffects" time="35.265" classname="UI.Effects"/>
</testsuite> <!-- UI.Effects -->
