<?xml version="1.0" encoding="UTF-8"?>
<!-- Generated by org.testng.reporters.JUnitReportReporter -->
<testsuite skipped="0" hostname="nbhushan-WX-1" name="UI.Effects" tests="1" failures="0" timestamp="28 Aug 2018 10:25:15 GMT" time="37.565" errors="0">
  <testcase name="TestEffects" time="37.565" classname="UI.Effects"/>
</testsuite> <!-- UI.Effects -->
