<?xml version="1.0" encoding="UTF-8"?>
<!-- Generated by org.testng.reporters.JUnitReportReporter -->
<testsuite skipped="0" hostname="nbhushan-WX-1" name="UI.GE_GlassPane" tests="1" failures="0" timestamp="28 Aug 2018 10:25:15 GMT" time="77.885" errors="0">
  <testcase name="TestGlassPane" time="77.885" classname="UI.GE_GlassPane"/>
</testsuite> <!-- UI.GE_GlassPane -->
